# JRE version: Java(TM) SE Runtime Environment (22.0.2+9) (build 22.0.2+9-70)
# Java VM: Java HotSpot(TM) 64-Bit Server VM (22.0.2+9-70, mixed mode, emulated-client, sharing, tiered, compressed oops, compressed class ptrs, g1 gc, windows-amd64)
GC Precious Log:
 CardTable entry size: 512
 Card Set container configuration: InlinePtr #cards 5 size 8 Array Of Cards #cards 12 size 40 Howl #buckets 4 coarsen threshold 1843 Howl Bitmap #cards 512 size 80 coarsen threshold 460 Card regions per heap region 1 cards per card region 2048
 CPUs: 12 total, 12 available
 Memory: 7971M
 Large Page Support: Disabled
 NUMA Support: Disabled
 Compressed Oops: Enabled (32-bit)
 Heap Region Size: 1M
 Heap Min Capacity: 8M
 Heap Initial Capacity: 126M
 Heap Max Capacity: 1994M
 Pre-touch: Disabled
 Parallel Workers: 10
 Concurrent Workers: 3
 Concurrent Refinement Workers: 10
 Periodic GC: Disabled
Heap:
 garbage-first heap   total reserved 2041856K, committed 157696K, used 124496K [0x0000000083600000, 0x0000000100000000)
  region size 1024K, 79 young (80896K), 0 survivors (0K)
 Metaspace       used 98632K, committed 99584K, reserved 1179648K
  class space    used 13972K, committed 14400K, reserved 1048576K
GC Heap History (20 events):
Event: 515.259 GC heap before
{Heap before GC invocations=49 (full 0):
 garbage-first heap   total reserved 2041856K, committed 178176K, used 163984K [0x0000000083600000, 0x0000000100000000)
  region size 1024K, 95 young (97280K), 2 survivors (2048K)
 Metaspace       used 96531K, committed 97856K, reserved 1179648K
  class space    used 13743K, committed 14336K, reserved 1048576K
}
Event: 515.263 GC heap after
{Heap after GC invocations=50 (full 0):
 garbage-first heap   total reserved 2041856K, committed 178176K, used 69659K [0x0000000083600000, 0x0000000100000000)
  region size 1024K, 2 young (2048K), 2 survivors (2048K)
 Metaspace       used 96531K, committed 97856K, reserved 1179648K
  class space    used 13743K, committed 14336K, reserved 1048576K
}
Event: 697.096 GC heap before
{Heap before GC invocations=50 (full 0):
 garbage-first heap   total reserved 2041856K, committed 178176K, used 160795K [0x0000000083600000, 0x0000000100000000)
  region size 1024K, 92 young (94208K), 2 survivors (2048K)
 Metaspace       used 96707K, committed 97920K, reserved 1179648K
  class space    used 13787K, committed 14336K, reserved 1048576K
}
Event: 697.189 GC heap after
{Heap after GC invocations=51 (full 1):
 garbage-first heap   total reserved 2041856K, committed 167936K, used 47110K [0x0000000083600000, 0x0000000100000000)
  region size 1024K, 0 young (0K), 0 survivors (0K)
 Metaspace       used 96689K, committed 97920K, reserved 1179648K
  class space    used 13782K, committed 14336K, reserved 1048576K
}
Event: 697.998 GC heap before
{Heap before GC invocations=51 (full 1):
 garbage-first heap   total reserved 2041856K, committed 167936K, used 126982K [0x0000000083600000, 0x0000000100000000)
  region size 1024K, 80 young (81920K), 0 survivors (0K)
 Metaspace       used 97356K, committed 98496K, reserved 1179648K
  class space    used 13887K, committed 14400K, reserved 1048576K
}
Event: 698.003 GC heap after
{Heap after GC invocations=52 (full 1):
 garbage-first heap   total reserved 2041856K, committed 167936K, used 54180K [0x0000000083600000, 0x0000000100000000)
  region size 1024K, 7 young (7168K), 7 survivors (7168K)
 Metaspace       used 97356K, committed 98496K, reserved 1179648K
  class space    used 13887K, committed 14400K, reserved 1048576K
}
Event: 698.516 GC heap before
{Heap before GC invocations=53 (full 1):
 garbage-first heap   total reserved 2041856K, committed 167936K, used 98212K [0x0000000083600000, 0x0000000100000000)
  region size 1024K, 52 young (53248K), 7 survivors (7168K)
 Metaspace       used 97122K, committed 98496K, reserved 1179648K
  class space    used 13811K, committed 14400K, reserved 1048576K
}
Event: 698.522 GC heap after
{Heap after GC invocations=54 (full 1):
 garbage-first heap   total reserved 2041856K, committed 167936K, used 57524K [0x0000000083600000, 0x0000000100000000)
  region size 1024K, 11 young (11264K), 11 survivors (11264K)
 Metaspace       used 97122K, committed 98496K, reserved 1179648K
  class space    used 13811K, committed 14400K, reserved 1048576K
}
Event: 701.863 GC heap before
{Heap before GC invocations=55 (full 1):
 garbage-first heap   total reserved 2041856K, committed 167936K, used 143540K [0x0000000083600000, 0x0000000100000000)
  region size 1024K, 95 young (97280K), 11 survivors (11264K)
 Metaspace       used 98060K, committed 99136K, reserved 1179648K
  class space    used 13894K, committed 14400K, reserved 1048576K
}
Event: 701.874 GC heap after
{Heap after GC invocations=56 (full 1):
 garbage-first heap   total reserved 2041856K, committed 167936K, used 64544K [0x0000000083600000, 0x0000000100000000)
  region size 1024K, 11 young (11264K), 11 survivors (11264K)
 Metaspace       used 98060K, committed 99136K, reserved 1179648K
  class space    used 13894K, committed 14400K, reserved 1048576K
}
Event: 701.982 GC heap before
{Heap before GC invocations=56 (full 1):
 garbage-first heap   total reserved 2041856K, committed 167936K, used 120864K [0x0000000083600000, 0x0000000100000000)
  region size 1024K, 67 young (68608K), 11 survivors (11264K)
 Metaspace       used 98060K, committed 99136K, reserved 1179648K
  class space    used 13894K, committed 14400K, reserved 1048576K
}
Event: 701.992 GC heap after
{Heap after GC invocations=57 (full 1):
 garbage-first heap   total reserved 2041856K, committed 167936K, used 77167K [0x0000000083600000, 0x0000000100000000)
  region size 1024K, 11 young (11264K), 11 survivors (11264K)
 Metaspace       used 98060K, committed 99136K, reserved 1179648K
  class space    used 13894K, committed 14400K, reserved 1048576K
}
Event: 702.107 GC heap before
{Heap before GC invocations=58 (full 1):
 garbage-first heap   total reserved 2041856K, committed 167936K, used 143727K [0x0000000083600000, 0x0000000100000000)
  region size 1024K, 75 young (76800K), 11 survivors (11264K)
 Metaspace       used 98062K, committed 99136K, reserved 1179648K
  class space    used 13895K, committed 14400K, reserved 1048576K
}
Event: 702.112 GC heap after
{Heap after GC invocations=59 (full 1):
 garbage-first heap   total reserved 2041856K, committed 167936K, used 81857K [0x0000000083600000, 0x0000000100000000)
  region size 1024K, 3 young (3072K), 3 survivors (3072K)
 Metaspace       used 98062K, committed 99136K, reserved 1179648K
  class space    used 13895K, committed 14400K, reserved 1048576K
}
Event: 702.172 GC heap before
{Heap before GC invocations=59 (full 1):
 garbage-first heap   total reserved 2041856K, committed 167936K, used 146369K [0x0000000083600000, 0x0000000100000000)
  region size 1024K, 66 young (67584K), 3 survivors (3072K)
 Metaspace       used 98062K, committed 99136K, reserved 1179648K
  class space    used 13895K, committed 14400K, reserved 1048576K
}
Event: 702.175 GC heap after
{Heap after GC invocations=60 (full 1):
 garbage-first heap   total reserved 2041856K, committed 167936K, used 84636K [0x0000000083600000, 0x0000000100000000)
  region size 1024K, 5 young (5120K), 5 survivors (5120K)
 Metaspace       used 98062K, committed 99136K, reserved 1179648K
  class space    used 13895K, committed 14400K, reserved 1048576K
}
Event: 702.376 GC heap before
{Heap before GC invocations=60 (full 1):
 garbage-first heap   total reserved 2041856K, committed 167936K, used 147100K [0x0000000083600000, 0x0000000100000000)
  region size 1024K, 67 young (68608K), 5 survivors (5120K)
 Metaspace       used 98183K, committed 99264K, reserved 1179648K
  class space    used 13925K, committed 14400K, reserved 1048576K
}
Event: 702.379 GC heap after
{Heap after GC invocations=61 (full 1):
 garbage-first heap   total reserved 2041856K, committed 167936K, used 84735K [0x0000000083600000, 0x0000000100000000)
  region size 1024K, 5 young (5120K), 5 survivors (5120K)
 Metaspace       used 98183K, committed 99264K, reserved 1179648K
  class space    used 13925K, committed 14400K, reserved 1048576K
}
Event: 785.601 GC heap before
{Heap before GC invocations=62 (full 1):
 garbage-first heap   total reserved 2041856K, committed 167936K, used 115455K [0x0000000083600000, 0x0000000100000000)
  region size 1024K, 41 young (41984K), 5 survivors (5120K)
 Metaspace       used 98199K, committed 99264K, reserved 1179648K
  class space    used 13927K, committed 14400K, reserved 1048576K
}
Event: 785.656 GC heap after
{Heap after GC invocations=63 (full 2):
 garbage-first heap   total reserved 2041856K, committed 157696K, used 45648K [0x0000000083600000, 0x0000000100000000)
  region size 1024K, 0 young (0K), 0 survivors (0K)
 Metaspace       used 98026K, committed 99264K, reserved 1179648K
  class space    used 13884K, committed 14400K, reserved 1048576K
}

